<?xml version="1.0" encoding="UTF-8"?>
<!-- Generated by org.testng.reporters.JUnitXMLReporter -->
<testsuite hostname="PC-20140707TKKZ" name="Test" tests="4" failures="0" timestamp="19 Nov 2015 16:25:57 GMT" time="115.722" errors="0">
  <testcase name="testLogin" time="8.347" classname="com.test.testcases.Login"/>
  <testcase name="testIllegalLogin" time="5.102" classname="com.test.testcases.IllegalLogin"/>
  <testcase name="testQingjia" time="22.261" classname="com.test.testcases.Qingjia"/>
  <testcase name="testEditUser" time="16.521" classname="com.test.testcases.EditUser"/>
</testsuite> <!-- Test -->
